Library/Bee/Android/Prj/IL2CPP/Gradle/unityLibrary/build/intermediates/manifest_merge_blame_file/release/manifest-merger-blame-release-report.txt
1<?xml version="1.0" encoding="utf-8"?>
2<manifest xmlns:android="http://schemas.android.com/apk/res/android"
3    xmlns:tools="http://schemas.android.com/tools"
4    package="com.unity3d.player"
5    android:versionCode="1"
6    android:versionName="0.1" >
7
8    <uses-sdk
9        android:minSdkVersion="23"
9-->src\main\AndroidManifest.xml
10        android:targetSdkVersion="30" />
10-->src\main\AndroidManifest.xml
11
12    <uses-feature android:glEsVersion="0x00030000" />
12-->src\main\AndroidManifest.xml:18:3-52
12-->src\main\AndroidManifest.xml:18:17-49
13    <uses-feature
13-->src\main\AndroidManifest.xml:19:3-91
14        android:name="android.hardware.vulkan.version"
14-->src\main\AndroidManifest.xml:19:17-63
15        android:required="false" />
15-->src\main\AndroidManifest.xml:19:64-88
16
17    <uses-permission android:name="android.permission.INTERNET" />
17-->src\main\AndroidManifest.xml:20:3-65
17-->src\main\AndroidManifest.xml:20:20-62
18
19    <uses-feature
19-->src\main\AndroidManifest.xml:21:3-88
20        android:name="android.hardware.touchscreen"
20-->src\main\AndroidManifest.xml:21:17-60
21        android:required="false" />
21-->src\main\AndroidManifest.xml:21:61-85
22    <uses-feature
22-->src\main\AndroidManifest.xml:22:3-99
23        android:name="android.hardware.touchscreen.multitouch"
23-->src\main\AndroidManifest.xml:22:17-71
24        android:required="false" />
24-->src\main\AndroidManifest.xml:22:72-96
25    <uses-feature
25-->src\main\AndroidManifest.xml:23:3-108
26        android:name="android.hardware.touchscreen.multitouch.distinct"
26-->src\main\AndroidManifest.xml:23:17-80
27        android:required="false" />
27-->src\main\AndroidManifest.xml:23:81-105
28
29    <application
29-->src\main\AndroidManifest.xml:3:3-17:17
30        android:extractNativeLibs="true"
30-->src\main\AndroidManifest.xml:3:16-48
31        android:isGame="true" >
31-->src\main\AndroidManifest.xml:3:49-70
32        <activity
32-->src\main\AndroidManifest.xml:4:5-11:16
33            android:name="com.unity3d.player.UnityPlayerActivity"
33-->src\main\AndroidManifest.xml:4:15-68
34            android:configChanges="mcc|mnc|locale|touchscreen|keyboard|keyboardHidden|navigation|orientation|screenLayout|uiMode|screenSize|smallestScreenSize|fontScale|layoutDirection|density"
34-->src\main\AndroidManifest.xml:4:185-366
35            android:hardwareAccelerated="false"
35-->src\main\AndroidManifest.xml:4:402-437
36            android:launchMode="singleTask"
36-->src\main\AndroidManifest.xml:4:153-184
37            android:resizeableActivity="false"
37-->src\main\AndroidManifest.xml:4:367-401
38            android:screenOrientation="userLandscape"
38-->src\main\AndroidManifest.xml:4:111-152
39            android:theme="@style/UnityThemeSelector" >
39-->src\main\AndroidManifest.xml:4:69-110
40            <intent-filter>
40-->src\main\AndroidManifest.xml:5:7-9:23
41                <action android:name="android.intent.action.MAIN" />
41-->src\main\AndroidManifest.xml:6:9-61
41-->src\main\AndroidManifest.xml:6:17-58
42
43                <category android:name="android.intent.category.LAUNCHER" />
43-->src\main\AndroidManifest.xml:7:9-69
43-->src\main\AndroidManifest.xml:7:19-66
44                <category android:name="android.intent.category.LEANBACK_LAUNCHER" />
44-->src\main\AndroidManifest.xml:8:9-78
44-->src\main\AndroidManifest.xml:8:19-75
45            </intent-filter>
46
47            <meta-data
47-->src\main\AndroidManifest.xml:10:7-82
48                android:name="unityplayer.UnityActivity"
48-->src\main\AndroidManifest.xml:10:18-58
49                android:value="true" />
49-->src\main\AndroidManifest.xml:10:59-79
50        </activity>
51
52        <meta-data
52-->src\main\AndroidManifest.xml:12:5-69
53            android:name="unity.splash-mode"
53-->src\main\AndroidManifest.xml:12:16-48
54            android:value="0" />
54-->src\main\AndroidManifest.xml:12:49-66
55        <meta-data
55-->src\main\AndroidManifest.xml:13:5-74
56            android:name="unity.splash-enable"
56-->src\main\AndroidManifest.xml:13:16-50
57            android:value="True" />
57-->src\main\AndroidManifest.xml:13:51-71
58        <meta-data
58-->src\main\AndroidManifest.xml:14:5-78
59            android:name="unity.launch-fullscreen"
59-->src\main\AndroidManifest.xml:14:16-54
60            android:value="True" />
60-->src\main\AndroidManifest.xml:14:55-75
61        <meta-data
61-->src\main\AndroidManifest.xml:15:5-84
62            android:name="unity.allow-resizable-window"
62-->src\main\AndroidManifest.xml:15:16-59
63            android:value="False" />
63-->src\main\AndroidManifest.xml:15:60-81
64        <meta-data
64-->src\main\AndroidManifest.xml:16:5-84
65            android:name="unity.auto-report-fully-drawn"
65-->src\main\AndroidManifest.xml:16:16-60
66            android:value="true" />
66-->src\main\AndroidManifest.xml:16:61-81
67    </application>
68
69</manifest>